01-21 20:16:18 com_github_MitjaNemec_ReplicateLayout.action_replicate_layout 359:Plugin executed on: 'win32'
01-21 20:16:18 com_github_MitjaNemec_ReplicateLayout.action_replicate_layout 360:Plugin executed with python version: '3.9.14 (main, Dec 23 2022, 23:36:19) [MSC v.1934 64 bit (AMD64)]'
01-21 20:16:18 com_github_MitjaNemec_ReplicateLayout.action_replicate_layout 361:KiCad build version: (6.0.11)
01-21 20:16:18 com_github_MitjaNemec_ReplicateLayout.action_replicate_layout 362:Plugin version: 1.3.5
01-21 20:16:18 com_github_MitjaNemec_ReplicateLayout.action_replicate_layout 363:Frame repr: <wx._core.Frame object at 0x00000255EA5AA8B0>
01-21 20:16:18 com_github_MitjaNemec_ReplicateLayout.action_replicate_layout 387:Preparing replicator with Q9 as a reference
01-21 20:16:18 com_github_MitjaNemec_ReplicateLayout.replicate_layout 113:getting a list of all footprints on board
01-21 20:16:18 com_github_MitjaNemec_ReplicateLayout.replicate_layout 132:Footprint REF** does not have Sheetfile property, it will not be replicated. Most likely it is only in layout
01-21 20:16:18 com_github_MitjaNemec_ReplicateLayout.replicate_layout 132:Footprint REF** does not have Sheetfile property, it will not be replicated. Most likely it is only in layout
01-21 20:16:18 com_github_MitjaNemec_ReplicateLayout.replicate_layout 132:Footprint REF** does not have Sheetfile property, it will not be replicated. Most likely it is only in layout
01-21 20:16:18 com_github_MitjaNemec_ReplicateLayout.replicate_layout 132:Footprint REF** does not have Sheetfile property, it will not be replicated. Most likely it is only in layout
01-21 20:16:18 com_github_MitjaNemec_ReplicateLayout.action_replicate_layout 435:source anchor footprint is 'Q9'
Located on: ['Balancer', 'Balancer8']
With filenames: ['Balancer.kicad_sch', 'Blancer1-8.kicad_sch']
With sheet_id:['Balancer', 'Balancer8']
01-21 20:16:18 com_github_MitjaNemec_ReplicateLayout.action_replicate_layout 442:Corresponding footprints are 
[('Q34', ['Balancer', 'Balancer3']), ('Q19', ['Balancer', 'Balancer6']), ('Q29', ['Balancer', 'Balancer4']), ('Q14', ['Balancer', 'Balancer7']), ('Q44', ['Balancer', 'Balancer1']), ('Q24', ['Balancer', 'Balancer5']), ('Q9', ['Balancer', 'Balancer8']), ('Q39', ['Balancer', 'Balancer2'])]
01-21 20:16:18 com_github_MitjaNemec_ReplicateLayout.action_replicate_layout 454:Showing dialog
01-21 20:16:18 com_github_MitjaNemec_ReplicateLayout.replicate_layout 391:constructing a list of sheets suitable for replication on level:'Balancer8', file:'Blancer1-8.kicad_sch'
01-21 20:16:18 com_github_MitjaNemec_ReplicateLayout.replicate_layout 428:suitable sheets are:[['Balancer', 'Balancer1'], ['Balancer', 'Balancer2'], ['Balancer', 'Balancer3'], ['Balancer', 'Balancer4'], ['Balancer', 'Balancer5'], ['Balancer', 'Balancer6'], ['Balancer', 'Balancer7']]
01-21 20:16:19 com_github_MitjaNemec_ReplicateLayout.replicate_layout 1356:Level selected: ['Balancer', 'Balancer8']
01-21 20:16:19 com_github_MitjaNemec_ReplicateLayout.replicate_layout 1191:Filtering list of tracks
01-21 20:16:19 com_github_MitjaNemec_ReplicateLayout.action_replicate_layout 460:Toolbar position: wx.Point(1650, -563)
01-21 20:16:19 com_github_MitjaNemec_ReplicateLayout.action_replicate_layout 465:Dialog position: wx.Point(1286, -563)
01-21 20:16:25 com_github_MitjaNemec_ReplicateLayout.replicate_layout 391:constructing a list of sheets suitable for replication on level:'Balancer8', file:'Blancer1-8.kicad_sch'
01-21 20:16:25 com_github_MitjaNemec_ReplicateLayout.replicate_layout 428:suitable sheets are:[['Balancer', 'Balancer1'], ['Balancer', 'Balancer2'], ['Balancer', 'Balancer3'], ['Balancer', 'Balancer4'], ['Balancer', 'Balancer5'], ['Balancer', 'Balancer6'], ['Balancer', 'Balancer7']]
01-21 20:16:25 com_github_MitjaNemec_ReplicateLayout.replicate_layout 1356:Level selected: ['Balancer', 'Balancer8']
01-21 20:16:25 com_github_MitjaNemec_ReplicateLayout.replicate_layout 1191:Filtering list of tracks
01-21 20:16:27 com_github_MitjaNemec_ReplicateLayout.replicate_layout 391:constructing a list of sheets suitable for replication on level:'Balancer8', file:'Blancer1-8.kicad_sch'
01-21 20:16:27 com_github_MitjaNemec_ReplicateLayout.replicate_layout 428:suitable sheets are:[['Balancer', 'Balancer1'], ['Balancer', 'Balancer2'], ['Balancer', 'Balancer3'], ['Balancer', 'Balancer4'], ['Balancer', 'Balancer5'], ['Balancer', 'Balancer6'], ['Balancer', 'Balancer7']]
01-21 20:16:27 com_github_MitjaNemec_ReplicateLayout.action_replicate_layout 207:Replicating layout
01-21 20:16:27 com_github_MitjaNemec_ReplicateLayout.replicate_layout 237:Starting replication of sheets: [['Balancer', 'Balancer1']]
on level: ['Balancer', 'Balancer8']
with tracks=True, zone=True, text=True, text=True, intersecting=True, remove=True, locked footprints=False, group_only=False
01-21 20:16:27 root 299:updating GUI message: 'Preparing for replication'
01-21 20:16:27 root 304:updating GUI with: 0
01-21 20:16:27 com_github_MitjaNemec_ReplicateLayout.replicate_layout 307:Getting the list of source footprints
01-21 20:16:27 com_github_MitjaNemec_ReplicateLayout.replicate_layout 317:Getting the list of all the remaining footprints
01-21 20:16:27 com_github_MitjaNemec_ReplicateLayout.replicate_layout 324:Getting source tracks
01-21 20:16:27 com_github_MitjaNemec_ReplicateLayout.replicate_layout 1191:Filtering list of tracks
01-21 20:16:27 com_github_MitjaNemec_ReplicateLayout.replicate_layout 328:Getting source zones
01-21 20:16:27 root 304:updating GUI with: 50
01-21 20:16:27 com_github_MitjaNemec_ReplicateLayout.replicate_layout 332:Getting source text items
01-21 20:16:27 root 304:updating GUI with: 66
01-21 20:16:27 com_github_MitjaNemec_ReplicateLayout.replicate_layout 336:Getting source drawing items
01-21 20:16:27 com_github_MitjaNemec_ReplicateLayout.replicate_layout 269:Removing tracks and zones, before footprint placement
01-21 20:16:27 root 299:updating GUI message: 'Removing zones and tracks'
01-21 20:16:27 com_github_MitjaNemec_ReplicateLayout.replicate_layout 1137:Remove bounding box top:104045000, bottom:123425000, Left:110665000, Right:118395000
01-21 20:16:27 root 299:updating GUI message: 'Replicating footprints'
01-21 20:16:27 root 304:updating GUI with: 0
01-21 20:16:27 com_github_MitjaNemec_ReplicateLayout.replicate_layout 742:Replicating footprints
01-21 20:16:27 com_github_MitjaNemec_ReplicateLayout.replicate_layout 748:Replicating footprints on sheet ['Balancer', 'Balancer1']
01-21 20:16:27 root 304:updating GUI with: 47
01-21 20:16:27 root 304:updating GUI with: 94
01-21 20:16:27 com_github_MitjaNemec_ReplicateLayout.replicate_layout 277:Removing tracks and zones, after footprint placement
01-21 20:16:27 root 299:updating GUI message: 'Removing zones and tracks'
01-21 20:16:27 com_github_MitjaNemec_ReplicateLayout.replicate_layout 1137:Remove bounding box top:104045000, bottom:123425000, Left:110665000, Right:118395000
01-21 20:16:27 root 299:updating GUI message: 'Replicating tracks'
01-21 20:16:27 root 304:updating GUI with: 0
01-21 20:16:27 com_github_MitjaNemec_ReplicateLayout.replicate_layout 907:Replicating tracks
01-21 20:16:27 com_github_MitjaNemec_ReplicateLayout.replicate_layout 913:Replicating tracks on sheet ['Balancer', 'Balancer1']
01-21 20:16:27 com_github_MitjaNemec_ReplicateLayout.replicate_layout 721:Cannot pair src net: ['', 'Balancer', 'Balancer7', 'Cell+'] and dst net: ['', 'Balancer', 'Balancer1', 'Cell-'], with src_net_depth=4, dst_net_depth=4, src_fp_depth=2, dst_fp_depth=2
01-21 20:16:27 com_github_MitjaNemec_ReplicateLayout.replicate_layout 721:Cannot pair src net: ['', 'Balancer', 'Balancer7', 'Cell+'] and dst net: ['', 'Balancer', 'Balancer1', 'Cell-'], with src_net_depth=4, dst_net_depth=4, src_fp_depth=2, dst_fp_depth=2
01-21 20:16:27 com_github_MitjaNemec_ReplicateLayout.replicate_layout 721:Cannot pair src net: ['', 'Balancer', 'Balancer7', 'Cell+'] and dst net: ['', 'Balancer', 'Balancer1', 'Cell-'], with src_net_depth=4, dst_net_depth=4, src_fp_depth=2, dst_fp_depth=2
01-21 20:16:27 com_github_MitjaNemec_ReplicateLayout.replicate_layout 721:Cannot pair src net: ['', 'Balancer', 'Balancer7', 'Cell+'] and dst net: ['', 'Balancer', 'Balancer1', 'Cell-'], with src_net_depth=4, dst_net_depth=4, src_fp_depth=2, dst_fp_depth=2
01-21 20:16:27 com_github_MitjaNemec_ReplicateLayout.replicate_layout 721:Cannot pair src net: ['', 'Balancer', 'Balancer7', 'Cell+'] and dst net: ['', 'Balancer', 'Balancer1', 'Cell-'], with src_net_depth=4, dst_net_depth=4, src_fp_depth=2, dst_fp_depth=2
01-21 20:16:27 com_github_MitjaNemec_ReplicateLayout.replicate_layout 721:Cannot pair src net: ['', 'Balancer', 'Balancer7', 'Cell+'] and dst net: ['', 'Balancer', 'Balancer1', 'Cell-'], with src_net_depth=4, dst_net_depth=4, src_fp_depth=2, dst_fp_depth=2
01-21 20:16:27 com_github_MitjaNemec_ReplicateLayout.replicate_layout 721:Cannot pair src net: ['', 'Balancer', 'Balancer7', 'Cell+'] and dst net: ['', 'Balancer', 'Balancer1', 'Cell-'], with src_net_depth=4, dst_net_depth=4, src_fp_depth=2, dst_fp_depth=2
01-21 20:16:27 com_github_MitjaNemec_ReplicateLayout.replicate_layout 737:Net pairs for sheet ['Balancer', 'Balancer1'] :[('Net-(Q10-Pad2)', 'Net-(Q45-Pad2)'), ('Net-(Q10-Pad1)', 'Net-(Q45-Pad1)'), ('Net-(Q11-Pad1)', 'Net-(Q46-Pad1)'), ('/Balancer/Balancer8/Cell+', '/Balancer/Balancer1/Cell+'), ('Net-(Q8-Pad3)', 'Net-(Q43-Pad3)'), ('Net-(C17-Pad1)', 'Net-(C38-Pad1)'), ('Net-(Q9-Pad2)', 'Net-(Q44-Pad2)'), ('Net-(Q11-Pad2)', 'Net-(Q46-Pad2)'), ('Net-(C15-Pad1)', 'Net-(C36-Pad1)'), ('Net-(Q8-Pad1)', 'Net-(Q43-Pad1)'), ('unconnected-(Q10-Pad3)', 'unconnected-(Q45-Pad3)'), ('Net-(NT1-Pad2)', 'Net-(NT8-Pad2)'), ('unconnected-(Q11-Pad3)', 'unconnected-(Q46-Pad3)')]
01-21 20:16:27 root 304:updating GUI with: 50
01-21 20:16:27 root 304:updating GUI with: 88
01-21 20:16:27 root 299:updating GUI message: 'Replicating zones'
01-21 20:16:27 com_github_MitjaNemec_ReplicateLayout.replicate_layout 967:Replicating zones
01-21 20:16:27 com_github_MitjaNemec_ReplicateLayout.replicate_layout 974:Replicating zones on sheet ['Balancer', 'Balancer1']
01-21 20:16:27 com_github_MitjaNemec_ReplicateLayout.replicate_layout 721:Cannot pair src net: ['', 'Balancer', 'Balancer7', 'Cell+'] and dst net: ['', 'Balancer', 'Balancer1', 'Cell-'], with src_net_depth=4, dst_net_depth=4, src_fp_depth=2, dst_fp_depth=2
01-21 20:16:27 com_github_MitjaNemec_ReplicateLayout.replicate_layout 721:Cannot pair src net: ['', 'Balancer', 'Balancer7', 'Cell+'] and dst net: ['', 'Balancer', 'Balancer1', 'Cell-'], with src_net_depth=4, dst_net_depth=4, src_fp_depth=2, dst_fp_depth=2
01-21 20:16:27 com_github_MitjaNemec_ReplicateLayout.replicate_layout 721:Cannot pair src net: ['', 'Balancer', 'Balancer7', 'Cell+'] and dst net: ['', 'Balancer', 'Balancer1', 'Cell-'], with src_net_depth=4, dst_net_depth=4, src_fp_depth=2, dst_fp_depth=2
01-21 20:16:27 com_github_MitjaNemec_ReplicateLayout.replicate_layout 721:Cannot pair src net: ['', 'Balancer', 'Balancer7', 'Cell+'] and dst net: ['', 'Balancer', 'Balancer1', 'Cell-'], with src_net_depth=4, dst_net_depth=4, src_fp_depth=2, dst_fp_depth=2
01-21 20:16:27 com_github_MitjaNemec_ReplicateLayout.replicate_layout 721:Cannot pair src net: ['', 'Balancer', 'Balancer7', 'Cell+'] and dst net: ['', 'Balancer', 'Balancer1', 'Cell-'], with src_net_depth=4, dst_net_depth=4, src_fp_depth=2, dst_fp_depth=2
01-21 20:16:27 com_github_MitjaNemec_ReplicateLayout.replicate_layout 721:Cannot pair src net: ['', 'Balancer', 'Balancer7', 'Cell+'] and dst net: ['', 'Balancer', 'Balancer1', 'Cell-'], with src_net_depth=4, dst_net_depth=4, src_fp_depth=2, dst_fp_depth=2
01-21 20:16:27 com_github_MitjaNemec_ReplicateLayout.replicate_layout 721:Cannot pair src net: ['', 'Balancer', 'Balancer7', 'Cell+'] and dst net: ['', 'Balancer', 'Balancer1', 'Cell-'], with src_net_depth=4, dst_net_depth=4, src_fp_depth=2, dst_fp_depth=2
01-21 20:16:27 com_github_MitjaNemec_ReplicateLayout.replicate_layout 737:Net pairs for sheet ['Balancer', 'Balancer1'] :[('Net-(Q10-Pad2)', 'Net-(Q45-Pad2)'), ('Net-(Q10-Pad1)', 'Net-(Q45-Pad1)'), ('Net-(Q11-Pad1)', 'Net-(Q46-Pad1)'), ('/Balancer/Balancer8/Cell+', '/Balancer/Balancer1/Cell+'), ('Net-(Q8-Pad3)', 'Net-(Q43-Pad3)'), ('Net-(C17-Pad1)', 'Net-(C38-Pad1)'), ('Net-(Q9-Pad2)', 'Net-(Q44-Pad2)'), ('Net-(Q11-Pad2)', 'Net-(Q46-Pad2)'), ('Net-(C15-Pad1)', 'Net-(C36-Pad1)'), ('Net-(Q8-Pad1)', 'Net-(Q43-Pad1)'), ('unconnected-(Q10-Pad3)', 'unconnected-(Q45-Pad3)'), ('Net-(NT1-Pad2)', 'Net-(NT8-Pad2)'), ('unconnected-(Q11-Pad3)', 'unconnected-(Q46-Pad3)')]
01-21 20:16:27 root 304:updating GUI with: 25
01-21 20:16:27 com_github_MitjaNemec_ReplicateLayout.replicate_layout 1003:Src zone on new: '/Balancer/Balancer7/Cell+'
